2011-03-17 12:13:12 Notice: Notice (8): Undefined variable: stage_p in [/var/www/html/WebHive/app/controllers/apis_controller.php, line 298]
2011-03-17 12:13:12 Notice: Notice (8): Undefined variable: map_p in [/var/www/html/WebHive/app/controllers/apis_controller.php, line 298]
2011-03-17 12:13:12 Notice: Notice (8): Undefined variable: reduce_p in [/var/www/html/WebHive/app/controllers/apis_controller.php, line 298]
2011-03-17 12:16:39 Notice: Notice (8): Undefined variable: stage_p in [/var/www/html/WebHive/app/controllers/apis_controller.php, line 301]
2011-03-17 12:16:39 Notice: Notice (8): Undefined variable: map_p in [/var/www/html/WebHive/app/controllers/apis_controller.php, line 301]
2011-03-17 12:16:39 Notice: Notice (8): Undefined variable: reduce_p in [/var/www/html/WebHive/app/controllers/apis_controller.php, line 301]
2011-03-17 14:04:50 Debug: CMD=/var/www/html/WebHive/app/modules/hive_explain.php 20110317140450_05044 localhost 10000 => 0
2011-03-17 14:05:01 Debug: CMD=/var/www/html/WebHive/app/modules/hive_explain.php 20110317140501_05041 localhost 10000 => 0
2011-03-17 14:05:04 Debug: CMD=/var/www/html/WebHive/app/modules/hive_request.php 20110317140501_05041 localhost 10000 => 0
2011-03-17 14:11:05 Debug: CMD=/var/www/html/WebHive/app/modules/hive_explain.php 20110317141105_05046 localhost 10000 => 0
2011-03-17 14:11:16 Debug: CMD=/var/www/html/WebHive/app/modules/hive_explain.php 20110317141116_05044 localhost 10000 => 0
2011-03-17 14:11:17 Debug: CMD=/var/www/html/WebHive/app/modules/hive_request.php 20110317141116_05044 localhost 10000 => 0
2011-03-17 14:11:27 Debug: CMD=/var/www/html/WebHive/app/modules/hive_explain.php 20110317141127_05048 localhost 10000 => 0
2011-03-17 14:11:29 Debug: CMD=/var/www/html/WebHive/app/modules/hive_explain.php 20110317141129_05043 localhost 10000 => 0
2011-03-17 14:11:29 Debug: CMD=/var/www/html/WebHive/app/modules/hive_request.php 20110317141129_05043 localhost 10000 => 0
2011-03-17 14:14:37 Debug: CMD=/var/www/html/WebHive/app/modules/hive_explain.php 20110317141436_05048 localhost 10000 => 0
2011-03-17 14:19:20 Debug: CMD=/var/www/html/WebHive/app/modules/hive_explain.php 20110317141920_05042 localhost 10000 => 0
2011-03-17 14:19:23 Debug: CMD=/var/www/html/WebHive/app/modules/hive_explain.php 20110317141923_05043 localhost 10000 => 0
2011-03-17 14:19:27 Debug: CMD=/var/www/html/WebHive/app/modules/hive_explain.php 20110317141927_05048 localhost 10000 => 0
2011-03-17 14:19:27 Debug: CMD=/var/www/html/WebHive/app/modules/hive_request.php 20110317141927_05048 localhost 10000 => 0
2011-03-17 14:19:55 Debug: CMD=/var/www/html/WebHive/app/modules/hive_explain.php 20110317141955_05042 localhost 10000 => 0
2011-03-17 14:19:55 Debug: CMD=/var/www/html/WebHive/app/modules/hive_request.php 20110317141955_05042 localhost 10000 => 0
2011-03-17 14:20:07 Debug: CMD=/var/www/html/WebHive/app/modules/hive_explain.php 20110317142007_05044 localhost 10000 => 0
2011-03-17 14:20:13 Debug: CMD=/var/www/html/WebHive/app/modules/hive_explain.php 20110317142013_05048 localhost 10000 => 0
2011-03-17 14:20:15 Debug: CMD=/var/www/html/WebHive/app/modules/hive_explain.php 20110317142015_05046 localhost 10000 => 0
2011-03-17 14:20:17 Debug: CMD=/var/www/html/WebHive/app/modules/hive_explain.php 20110317142017_05047 localhost 10000 => 0
2011-03-17 14:20:17 Debug: CMD=/var/www/html/WebHive/app/modules/hive_request.php 20110317142017_05047 localhost 10000 => 0
2011-03-17 14:20:26 Debug: CMD=/var/www/html/WebHive/app/modules/hive_explain.php 20110317142025_05045 localhost 10000 => 0
2011-03-17 14:22:44 Debug: CMD=/var/www/html/WebHive/app/modules/hive_explain.php 20110317142244_05048 localhost 10000 => 0
2011-03-17 14:22:47 Debug: CMD=/var/www/html/WebHive/app/modules/hive_explain.php 20110317142246_05042 localhost 10000 => 0
2011-03-17 14:22:49 Debug: CMD=/var/www/html/WebHive/app/modules/hive_explain.php 20110317142249_05044 localhost 10000 => 0
2011-03-17 14:22:52 Debug: CMD=/var/www/html/WebHive/app/modules/hive_explain.php 20110317142252_05047 localhost 10000 => 0
2011-03-17 14:28:14 Debug: CMD=/var/www/html/WebHive/app/modules/hive_explain.php 20110317142813_05045 localhost 10000 => 0
2011-03-17 14:38:57 Debug: CMD=/var/www/html/WebHive/app/modules/hive_explain.php 20110317143857_05046 localhost 10000 => 0
2011-03-17 14:42:21 Debug: CMD=/var/www/html/WebHive/app/modules/hive_explain.php 20110317144220_05047 localhost 10000 => 0
2011-03-17 14:44:25 Debug: CMD=/var/www/html/WebHive/app/modules/hive_explain.php 20110317144425_05042 localhost 10000 => 0
2011-03-17 14:44:26 Debug: CMD=/var/www/html/WebHive/app/modules/hive_request.php 20110317144425_05042 localhost 10000 => 0
2011-03-17 14:50:09 Debug: CMD=/var/www/html/WebHive/app/modules/hive_explain.php 20110317145008_05047 localhost 10000 => 0
2011-03-17 14:50:18 Debug: CMD=/var/www/html/WebHive/app/modules/hive_explain.php 20110317145017_05043 localhost 10000 => 0
2011-03-17 14:50:21 Debug: CMD=/var/www/html/WebHive/app/modules/hive_explain.php 20110317145021_05047 localhost 10000 => 0
2011-03-17 14:50:21 Debug: CMD=/var/www/html/WebHive/app/modules/hive_request.php 20110317145021_05047 localhost 10000 => 0
2011-03-17 14:52:30 Debug: CMD=/var/www/html/WebHive/app/modules/hive_explain.php 20110317145229_05041 localhost 10000 => 0
2011-03-17 14:52:31 Debug: CMD=/var/www/html/WebHive/app/modules/hive_explain.php 20110317145231_31680 localhost 10000 => 0
2011-03-17 14:52:46 Debug: CMD=/var/www/html/WebHive/app/modules/hive_explain.php 20110317145245_05045 localhost 10000 => 0
2011-03-17 14:52:49 Debug: CMD=/var/www/html/WebHive/app/modules/hive_request.php 20110317145245_05045 localhost 10000 => 0
2011-03-17 14:53:26 Debug: CMD=/var/www/html/WebHive/app/modules/hive_explain.php 20110317145326_31680 localhost 10000 => 0
2011-03-17 14:53:33 Debug: CMD=/var/www/html/WebHive/app/modules/hive_explain.php 20110317145332_05047 localhost 10000 => 0
2011-03-17 14:53:33 Debug: CMD=/var/www/html/WebHive/app/modules/hive_explain.php 20110317145332_05042 localhost 10000 => 0
2011-03-17 14:53:35 Debug: CMD=/var/www/html/WebHive/app/modules/hive_explain.php 20110317145335_05046 localhost 10000 => 0
2011-03-17 14:53:35 Debug: CMD=/var/www/html/WebHive/app/modules/hive_request.php 20110317145335_05046 localhost 10000 => 1
2011-03-17 14:53:43 Debug: CMD=/var/www/html/WebHive/app/modules/hive_explain.php 20110317145342_05044 localhost 10000 => 0
2011-03-17 14:53:44 Debug: CMD=/var/www/html/WebHive/app/modules/hive_request.php 20110317145342_05044 localhost 10000 => 0
2011-03-17 14:54:14 Debug: CMD=/var/www/html/WebHive/app/modules/hive_explain.php 20110317145413_05048 localhost 10000 => 0
2011-03-17 14:54:28 Debug: CMD=/var/www/html/WebHive/app/modules/hive_explain.php 20110317145427_05041 localhost 10000 => 0
2011-03-17 14:54:30 Debug: CMD=/var/www/html/WebHive/app/modules/hive_request.php 20110317145427_05041 localhost 10000 => 0
2011-03-17 14:55:47 Debug: CMD=/var/www/html/WebHive/app/modules/hive_explain.php 20110317145547_05043 localhost 10000 => 1
2011-03-17 14:55:48 Debug: CMD=/var/www/html/WebHive/app/modules/hive_request.php 20110317145547_05043 localhost 10000 => 0
2011-03-17 14:56:42 Debug: CMD=/var/www/html/WebHive/app/modules/hive_explain.php 20110317145641_05043 localhost 10000 => 0
2011-03-17 14:56:42 Debug: CMD=/var/www/html/WebHive/app/modules/hive_request.php 20110317145641_05043 localhost 10000 => 0
2011-03-17 20:45:16 Debug: CMD=/var/www/html/WebHive/app/modules/hive_explain.php 20110317204516_05044 localhost 10000 => 0
2011-03-17 20:45:17 Debug: CMD=/var/www/html/WebHive/app/modules/hive_request.php 20110317204516_05044 localhost 10000 => 0
2011-03-17 20:45:34 Debug: CMD=/var/www/html/WebHive/app/modules/hive_explain.php 20110317204534_05044 localhost 10000 => 0
2011-03-17 20:45:54 Debug: CMD=/var/www/html/WebHive/app/modules/hive_explain.php 20110317204554_05046 localhost 10000 => 0
2011-03-17 20:45:54 Debug: CMD=/var/www/html/WebHive/app/modules/hive_request.php 20110317204554_05046 localhost 10000 => 0
2011-03-17 20:50:17 Debug: CMD=/var/www/html/WebHive/app/modules/hive_explain.php 20110317205016_05047 localhost 10000 => 0
2011-03-17 20:50:18 Debug: CMD=/var/www/html/WebHive/app/modules/hive_request.php 20110317205016_05047 localhost 10000 => 0
2011-03-17 20:51:32 Debug: CMD=/var/www/html/WebHive/app/modules/hive_explain.php 20110317205131_05042 localhost 10000 => 0
2011-03-17 20:51:33 Debug: CMD=/var/www/html/WebHive/app/modules/hive_request.php 20110317205131_05042 localhost 10000 => 0
2011-03-17 20:53:24 Debug: CMD=/var/www/html/WebHive/app/modules/hive_explain.php 20110317205324_05042 localhost 10000 => 0
2011-03-17 20:53:28 Debug: CMD=/var/www/html/WebHive/app/modules/hive_explain.php 20110317205327_05045 localhost 10000 => 0
2011-03-17 20:53:29 Debug: CMD=/var/www/html/WebHive/app/modules/hive_request.php 20110317205327_05045 localhost 10000 => 0
2011-03-17 20:53:32 Debug: RequestID=20110317205327_05045
2011-03-17 20:53:38 Notice: Notice (8): Use of undefined constant CMD_HADOOP_SHELL - assumed 'CMD_HADOOP_SHELL' in [/var/www/html/WebHive/app/controllers/apis_controller.php, line 362]
2011-03-17 20:53:38 Debug: CMD=CMD_HADOOP_SHELL job \-kill job_201103171258_0033 => 127
2011-03-17 20:53:38 Debug: kill -15 31593
2011-03-17 20:57:16 Debug: CMD=/var/www/html/WebHive/app/modules/hive_explain.php 20110317205715_05042 localhost 10000 => 0
2011-03-17 20:57:18 Debug: CMD=/var/www/html/WebHive/app/modules/hive_request.php 20110317205715_05042 localhost 10000 => 0
2011-03-17 20:58:38 Debug: CMD=/var/www/html/WebHive/app/modules/hive_explain.php 20110317205838_05041 localhost 10000 => 0
2011-03-17 20:58:40 Debug: CMD=/var/www/html/WebHive/app/modules/hive_request.php 20110317205838_05041 localhost 10000 => 0
2011-03-17 20:58:43 Debug: RequestID=20110317205838_05041
2011-03-17 20:58:46 Notice: Notice (8): Use of undefined constant CMD_HADOOP_SHELL - assumed 'CMD_HADOOP_SHELL' in [/var/www/html/WebHive/app/controllers/apis_controller.php, line 362]
2011-03-17 20:58:46 Debug: CMD=CMD_HADOOP_SHELL job \-kill job_201103171258_0039 => 127
2011-03-17 20:58:46 Debug: kill -15 32197
2011-03-17 21:00:41 Debug: CMD=/var/www/html/WebHive/app/modules/hive_explain.php 20110317210040_05044 localhost 10000 => 0
2011-03-17 21:00:43 Debug: CMD=/var/www/html/WebHive/app/modules/hive_explain.php 20110317210042_05048 localhost 10000 => 0
2011-03-17 21:00:43 Debug: CMD=/var/www/html/WebHive/app/modules/hive_request.php 20110317210042_05048 localhost 10000 => 0
2011-03-17 21:02:45 Debug: CMD=/var/www/html/WebHive/app/modules/hive_explain.php 20110317210245_05044 localhost 10000 => 0
2011-03-17 21:02:47 Debug: CMD=/var/www/html/WebHive/app/modules/hive_explain.php 20110317210246_05043 localhost 10000 => 0
2011-03-17 21:02:47 Debug: CMD=/var/www/html/WebHive/app/modules/hive_request.php 20110317210246_05043 localhost 10000 => 0
2011-03-17 21:03:29 Debug: CMD=/var/www/html/WebHive/app/modules/hive_explain.php 20110317210329_05045 localhost 10000 => 0
2011-03-17 21:03:31 Debug: CMD=/var/www/html/WebHive/app/modules/hive_request.php 20110317210329_05045 localhost 10000 => 0
2011-03-17 21:03:35 Debug: RequestID=20110317210329_05045
2011-03-17 21:03:38 Notice: Notice (8): Use of undefined constant CMD_HADOOP_SHELL - assumed 'CMD_HADOOP_SHELL' in [/var/www/html/WebHive/app/controllers/apis_controller.php, line 362]
2011-03-17 21:03:38 Debug: CMD=CMD_HADOOP_SHELL job \-kill job_201103171258_0042 => 127
2011-03-17 21:03:38 Debug: kill -15 772
2011-03-17 21:06:31 Debug: CMD=/var/www/html/WebHive/app/modules/hive_explain.php 20110317210630_05044 localhost 10000 => 0
2011-03-17 21:06:33 Debug: CMD=/var/www/html/WebHive/app/modules/hive_request.php 20110317210630_05044 localhost 10000 => 0
2011-03-17 21:06:37 Debug: RequestID=20110317210630_05044
2011-03-17 21:06:47 Debug: CMD=/usr/local/hadoop/bin/hadoop job \-kill job_201103171258_0043 => 0
2011-03-17 21:06:47 Debug: kill -15 1167
2011-03-17 21:09:17 Debug: CMD=/var/www/html/WebHive/app/modules/hive_explain.php 20110317210917_05046 localhost 10000 => 0
2011-03-17 21:09:23 Debug: CMD=/var/www/html/WebHive/app/modules/hive_explain.php 20110317210922_05045 localhost 10000 => 0
2011-03-17 21:09:33 Debug: CMD=/var/www/html/WebHive/app/modules/hive_explain.php 20110317210933_05046 localhost 10000 => 0
2011-03-17 21:09:35 Debug: CMD=/var/www/html/WebHive/app/modules/hive_request.php 20110317210933_05046 localhost 10000 => 0
2011-03-17 21:15:00 Debug: CMD=/var/www/html/WebHive/app/modules/hive_explain.php 20110317211500_31680 localhost 10000 => 0
2011-03-17 21:15:00 Debug: CMD=/var/www/html/WebHive/app/modules/hive_request.php 20110317211500_31680 localhost 10000 => 0
2011-03-17 21:15:10 Debug: CMD=/var/www/html/WebHive/app/modules/hive_explain.php 20110317211510_05041 localhost 10000 => 0
2011-03-17 21:26:36 Debug: CMD=/var/www/html/WebHive/app/modules/hive_explain.php 20110317212636_05045 localhost 10000 => 0
2011-03-17 21:26:37 Debug: CMD=/var/www/html/WebHive/app/modules/hive_request.php 20110317212636_05045 localhost 10000 => 0
2011-03-17 21:27:21 Debug: CMD=/var/www/html/WebHive/app/modules/hive_explain.php 20110317212720_05042 localhost 10000 => 0
2011-03-17 21:27:21 Debug: CMD=/var/www/html/WebHive/app/modules/hive_request.php 20110317212720_05042 localhost 10000 => 0
